'Dec 30 2015' 21:33:46 [Main Thread] <Always>    : A new program has started
'Dec 30 2015' 21:33:46 [Main Thread] <Always>    : A logging program has just been started
'Dec 30 2015' 21:33:46 [Main Thread] <Always>    : Currently what is being tested is audio
'Dec 30 2015' 21:33:46 [Main Thread] <Debugging> : Trying to find analong input devices.
'Dec 30 2015' 21:33:46 [Main Thread] <Info>      : Analong input device(s) has been detected.
'Dec 30 2015' 21:33:46 [Main Thread] <Info>      : No video input device(s) have been detected.
'Dec 30 2015' 21:33:46 [Main Thread] <Debugging> : Finding out all audio input devices
'Dec 30 2015' 21:33:46 [Main Thread] <Info>      : Starting to record audio or video input devices.
'Dec 30 2015' 21:33:46 [Main Thread] <Success>   : Have found a new device
'Dec 30 2015' 21:33:46 [Main Thread] <Debugging> : Below is the device name.
'Dec 30 2015' 21:33:46 [Main Thread] <Debugging> : Microphone (2- USB Sound Device)
'Dec 30 2015' 21:33:46 [Main Thread] <Debugging> : Below is the WaveIn ID.
'Dec 30 2015' 21:33:46 [Main Thread] <Debugging> : BLANK FOR NOW! FIX ME LATER
'Dec 30 2015' 21:33:46 [Main Thread] <Success>   : Have found a new device
'Dec 30 2015' 21:33:46 [Main Thread] <Debugging> : Below is the device name.
'Dec 30 2015' 21:33:46 [Main Thread] <Debugging> : Line (2- USB Sound Device)
'Dec 30 2015' 21:33:46 [Main Thread] <Debugging> : Below is the WaveIn ID.
'Dec 30 2015' 21:33:46 [Main Thread] <Debugging> : BLANK FOR NOW! FIX ME LATER
'Dec 30 2015' 21:33:46 [Main Thread] <Success>   : Have found a new device
'Dec 30 2015' 21:33:46 [Main Thread] <Debugging> : Below is the device name.
'Dec 30 2015' 21:33:46 [Main Thread] <Debugging> : SPDIF In (2- USB Sound Device)
'Dec 30 2015' 21:33:46 [Main Thread] <Debugging> : Below is the WaveIn ID.
'Dec 30 2015' 21:33:46 [Main Thread] <Debugging> : BLANK FOR NOW! FIX ME LATER
'Dec 30 2015' 21:33:46 [Main Thread] <Info>      : All devices as of the start of the program have been detected.
