'Nov 14 2015' 11:57:00 [Main Thread] <Debugging> : Trying to find analong input devices.
'Nov 14 2015' 11:57:00 [Main Thread] <Debugging> : Finding out all video input devices
'Nov 14 2015' 11:57:01 [Main Thread] <Debugging> : Finding out all audio input devices
'Nov 14 2015' 11:57:01 [Main Thread] <Debugging> : Below is the device name.
'Nov 14 2015' 11:57:01 [Main Thread] <Debugging> : Microphone (USB Sound Device)
'Nov 14 2015' 11:57:01 [Main Thread] <Debugging> : Below is the WaveIn ID.
'Nov 14 2015' 11:57:01 [Main Thread] <Debugging> : BLANK FOR NOW! FIX ME LATER
'Nov 14 2015' 11:57:01 [Main Thread] <Debugging> : Below is the device name.
'Nov 14 2015' 11:57:01 [Main Thread] <Debugging> : Realtek Digital Input (Realtek High Definition Audio)
'Nov 14 2015' 11:57:01 [Main Thread] <Debugging> : Below is the WaveIn ID.
'Nov 14 2015' 11:57:01 [Main Thread] <Debugging> : BLANK FOR NOW! FIX ME LATER
'Nov 14 2015' 11:57:01 [Main Thread] <Debugging> : Below is the device name.
'Nov 14 2015' 11:57:01 [Main Thread] <Debugging> : Line (USB Sound Device)
'Nov 14 2015' 11:57:01 [Main Thread] <Debugging> : Below is the WaveIn ID.
'Nov 14 2015' 11:57:01 [Main Thread] <Debugging> : BLANK FOR NOW! FIX ME LATER
'Nov 14 2015' 11:57:01 [Main Thread] <Debugging> : Below is the device name.
'Nov 14 2015' 11:57:01 [Main Thread] <Debugging> : SPDIF In (USB Sound Device)
'Nov 14 2015' 11:57:01 [Main Thread] <Debugging> : Below is the WaveIn ID.
'Nov 14 2015' 11:57:01 [Main Thread] <Debugging> : BLANK FOR NOW! FIX ME LATER
'Nov 14 2015' 12:01:00 [Main Thread] <Debugging> : Trying to find analong input devices.
'Nov 14 2015' 12:01:00 [Main Thread] <Debugging> : Finding out all audio input devices
'Nov 14 2015' 12:01:00 [Main Thread] <Debugging> : Below is the device name.
'Nov 14 2015' 12:01:00 [Main Thread] <Debugging> : Microphone (USB Sound Device)
'Nov 14 2015' 12:01:00 [Main Thread] <Debugging> : Below is the WaveIn ID.
'Nov 14 2015' 12:01:00 [Main Thread] <Debugging> : BLANK FOR NOW! FIX ME LATER
'Nov 14 2015' 12:01:00 [Main Thread] <Debugging> : Below is the device name.
'Nov 14 2015' 12:01:00 [Main Thread] <Debugging> : Realtek Digital Input (Realtek High Definition Audio)
'Nov 14 2015' 12:01:00 [Main Thread] <Debugging> : Below is the WaveIn ID.
'Nov 14 2015' 12:01:00 [Main Thread] <Debugging> : BLANK FOR NOW! FIX ME LATER
'Nov 14 2015' 12:01:00 [Main Thread] <Debugging> : Below is the device name.
'Nov 14 2015' 12:01:00 [Main Thread] <Debugging> : Line (USB Sound Device)
'Nov 14 2015' 12:01:00 [Main Thread] <Debugging> : Below is the WaveIn ID.
'Nov 14 2015' 12:01:00 [Main Thread] <Debugging> : BLANK FOR NOW! FIX ME LATER
'Nov 14 2015' 12:01:00 [Main Thread] <Debugging> : Below is the device name.
'Nov 14 2015' 12:01:00 [Main Thread] <Debugging> : SPDIF In (USB Sound Device)
'Nov 14 2015' 12:01:00 [Main Thread] <Debugging> : Below is the WaveIn ID.
'Nov 14 2015' 12:01:00 [Main Thread] <Debugging> : BLANK FOR NOW! FIX ME LATER
'Nov 14 2015' 16:18:20 [Main Thread] <Debugging> : Trying to find analong input devices.
'Nov 14 2015' 16:18:20 [Main Thread] <Debugging> : Finding out all audio input devices
'Nov 14 2015' 16:18:20 [Main Thread] <Debugging> : Below is the device name.
'Nov 14 2015' 16:18:20 [Main Thread] <Debugging> : Microphone (USB Sound Device)
'Nov 14 2015' 16:18:20 [Main Thread] <Debugging> : Below is the WaveIn ID.
'Nov 14 2015' 16:18:20 [Main Thread] <Debugging> : BLANK FOR NOW! FIX ME LATER
'Nov 14 2015' 16:18:20 [Main Thread] <Debugging> : Below is the device name.
'Nov 14 2015' 16:18:20 [Main Thread] <Debugging> : Line (USB Sound Device)
'Nov 14 2015' 16:18:20 [Main Thread] <Debugging> : Below is the WaveIn ID.
'Nov 14 2015' 16:18:20 [Main Thread] <Debugging> : BLANK FOR NOW! FIX ME LATER
'Nov 14 2015' 16:18:20 [Main Thread] <Debugging> : Below is the device name.
'Nov 14 2015' 16:18:20 [Main Thread] <Debugging> : SPDIF In (USB Sound Device)
'Nov 14 2015' 16:18:20 [Main Thread] <Debugging> : Below is the WaveIn ID.
'Nov 14 2015' 16:18:20 [Main Thread] <Debugging> : BLANK FOR NOW! FIX ME LATER
'Nov 14 2015' 16:18:20 [Main Thread] <Debugging> : Below is the device name.
'Nov 14 2015' 16:18:20 [Main Thread] <Debugging> : Realtek Digital Input (Realtek High Definition Audio)
'Nov 14 2015' 16:18:20 [Main Thread] <Debugging> : Below is the WaveIn ID.
'Nov 14 2015' 16:18:20 [Main Thread] <Debugging> : BLANK FOR NOW! FIX ME LATER
